<?xml version="1.0" encoding="UTF-8"?>
<testsuite xmlns:xsi="http://www.w3.org/2001/XMLSchema-instance" xsi:noNamespaceSchemaLocation="https://maven.apache.org/surefire/maven-surefire-plugin/xsd/surefire-test-report.xsd" name="org.csystem.util.string.StringUtilSqueezeTest" time="0" tests="4" errors="0" skipped="0" failures="0">
  <properties>
    <property name="java.specification.version" value="17"/>
    <property name="sun.jnu.encoding" value="UTF-8"/>
    <property name="java.class.path" value="/Users/oguzkaran/Dropbox/CSD/Kurslar/JavaApp1-Mar-2023/src/Libraries/JavaLibs/UtilLib/target/test-classes:/Users/oguzkaran/Dropbox/CSD/Kurslar/JavaApp1-Mar-2023/src/Libraries/JavaLibs/UtilLib/target/classes:/Users/oguzkaran/.m2/repository/com/karandev/com-karandev-util-console/14.1.0/com-karandev-util-console-14.1.0.jar:/Users/oguzkaran/.m2/repository/junit/junit/4.13.2/junit-4.13.2.jar:/Users/oguzkaran/.m2/repository/org/hamcrest/hamcrest-core/2.2/hamcrest-core-2.2.jar:/Users/oguzkaran/.m2/repository/org/hamcrest/hamcrest/2.2/hamcrest-2.2.jar:"/>
    <property name="java.vm.vendor" value="Oracle Corporation"/>
    <property name="sun.arch.data.model" value="64"/>
    <property name="java.vendor.url" value="https://java.oracle.com/"/>
    <property name="os.name" value="Mac OS X"/>
    <property name="java.vm.specification.version" value="17"/>
    <property name="sun.java.launcher" value="SUN_STANDARD"/>
    <property name="user.country" value="TR"/>
    <property name="sun.boot.library.path" value="/Library/Java/JavaVirtualMachines/jdk-17.0.1.jdk/Contents/Home/lib"/>
    <property name="sun.java.command" value="/Users/oguzkaran/Dropbox/CSD/Kurslar/JavaApp1-Mar-2023/src/Libraries/JavaLibs/UtilLib/target/surefire/surefirebooter16850253292490331437.jar /Users/oguzkaran/Dropbox/CSD/Kurslar/JavaApp1-Mar-2023/src/Libraries/JavaLibs/UtilLib/target/surefire 2023-06-13T21-49-09_007-jvmRun1 surefire13499895090154598159tmp surefire_04749376885361897180tmp"/>
    <property name="http.nonProxyHosts" value="local|*.local|169.254/16|*.169.254/16"/>
    <property name="jdk.debug" value="release"/>
    <property name="surefire.test.class.path" value="/Users/oguzkaran/Dropbox/CSD/Kurslar/JavaApp1-Mar-2023/src/Libraries/JavaLibs/UtilLib/target/test-classes:/Users/oguzkaran/Dropbox/CSD/Kurslar/JavaApp1-Mar-2023/src/Libraries/JavaLibs/UtilLib/target/classes:/Users/oguzkaran/.m2/repository/com/karandev/com-karandev-util-console/14.1.0/com-karandev-util-console-14.1.0.jar:/Users/oguzkaran/.m2/repository/junit/junit/4.13.2/junit-4.13.2.jar:/Users/oguzkaran/.m2/repository/org/hamcrest/hamcrest-core/2.2/hamcrest-core-2.2.jar:/Users/oguzkaran/.m2/repository/org/hamcrest/hamcrest/2.2/hamcrest-2.2.jar:"/>
    <property name="sun.cpu.endian" value="little"/>
    <property name="user.home" value="/Users/oguzkaran"/>
    <property name="user.language" value="en"/>
    <property name="java.specification.vendor" value="Oracle Corporation"/>
    <property name="java.version.date" value="2021-10-19"/>
    <property name="java.home" value="/Library/Java/JavaVirtualMachines/jdk-17.0.1.jdk/Contents/Home"/>
    <property name="file.separator" value="/"/>
    <property name="basedir" value="/Users/oguzkaran/Dropbox/CSD/Kurslar/JavaApp1-Mar-2023/src/Libraries/JavaLibs/UtilLib"/>
    <property name="java.vm.compressedOopsMode" value="Zero based"/>
    <property name="line.separator" value="&#10;"/>
    <property name="java.specification.name" value="Java Platform API Specification"/>
    <property name="java.vm.specification.vendor" value="Oracle Corporation"/>
    <property name="surefire.real.class.path" value="/Users/oguzkaran/Dropbox/CSD/Kurslar/JavaApp1-Mar-2023/src/Libraries/JavaLibs/UtilLib/target/surefire/surefirebooter16850253292490331437.jar"/>
    <property name="sun.management.compiler" value="HotSpot 64-Bit Tiered Compilers"/>
    <property name="ftp.nonProxyHosts" value="local|*.local|169.254/16|*.169.254/16"/>
    <property name="java.runtime.version" value="17.0.1+12-LTS-39"/>
    <property name="user.name" value="oguzkaran"/>
    <property name="path.separator" value=":"/>
    <property name="os.version" value="13.4"/>
    <property name="java.runtime.name" value="Java(TM) SE Runtime Environment"/>
    <property name="file.encoding" value="UTF-8"/>
    <property name="java.vm.name" value="Java HotSpot(TM) 64-Bit Server VM"/>
    <property name="localRepository" value="/Users/oguzkaran/.m2/repository"/>
    <property name="java.vendor.url.bug" value="https://bugreport.java.com/bugreport/"/>
    <property name="java.io.tmpdir" value="/var/folders/ns/x9gjmh8n777cc2r1xzfvcdx80000gn/T/"/>
    <property name="idea.version" value="2023.1.2"/>
    <property name="java.version" value="17.0.1"/>
    <property name="user.dir" value="/Users/oguzkaran/Dropbox/CSD/Kurslar/JavaApp1-Mar-2023/src/Libraries/JavaLibs/UtilLib"/>
    <property name="os.arch" value="x86_64"/>
    <property name="java.vm.specification.name" value="Java Virtual Machine Specification"/>
    <property name="native.encoding" value="UTF-8"/>
    <property name="java.library.path" value="/Users/oguzkaran/Library/Java/Extensions:/Library/Java/Extensions:/Network/Library/Java/Extensions:/System/Library/Java/Extensions:/usr/lib/java:."/>
    <property name="java.vm.info" value="mixed mode, sharing"/>
    <property name="java.vendor" value="Oracle Corporation"/>
    <property name="java.vm.version" value="17.0.1+12-LTS-39"/>
    <property name="sun.io.unicode.encoding" value="UnicodeBig"/>
    <property name="socksNonProxyHosts" value="local|*.local|169.254/16|*.169.254/16"/>
    <property name="java.class.version" value="61.0"/>
  </properties>
  <testcase name="givenTwoString_thenReturnStringSqueezed[0]" classname="org.csystem.util.string.StringUtilSqueezeTest" time="0"/>
  <testcase name="givenTwoString_thenReturnStringSqueezed[1]" classname="org.csystem.util.string.StringUtilSqueezeTest" time="0"/>
  <testcase name="givenTwoString_thenReturnStringSqueezed[2]" classname="org.csystem.util.string.StringUtilSqueezeTest" time="0"/>
  <testcase name="givenTwoString_thenReturnStringSqueezed[3]" classname="org.csystem.util.string.StringUtilSqueezeTest" time="0"/>
</testsuite>